  Bullet.cpp
c:\users\tnakahara\desktop\課題01\ninja\de_ninja1.01\bullet.cpp(31): warning C4244: '引数': 'double' から 'int' への変換です。データが失われる可能性があります。
  Effect.cpp
  Enemy.cpp
c:\users\tnakahara\desktop\課題01\ninja\de_ninja1.01\enemy.cpp(54): warning C4244: '引数': 'double' から 'int' への変換です。データが失われる可能性があります。
c:\users\tnakahara\desktop\課題01\ninja\de_ninja1.01\enemy.cpp(104): warning C4244: '引数': 'double' から 'int' への変換です。データが失われる可能性があります。
  Player.cpp
c:\users\tnakahara\desktop\課題01\ninja\de_ninja1.01\player.cpp(95): warning C4244: '初期化中': 'double' から 'int' への変換です。データが失われる可能性があります。
c:\users\tnakahara\desktop\課題01\ninja\de_ninja1.01\player.cpp(96): warning C4244: '初期化中': 'double' から 'int' への変換です。データが失われる可能性があります。
c:\users\tnakahara\desktop\課題01\ninja\de_ninja1.01\player.cpp(97): warning C4244: '初期化中': 'double' から 'int' への変換です。データが失われる可能性があります。
c:\users\tnakahara\desktop\課題01\ninja\de_ninja1.01\player.cpp(136): warning C4305: '=': 'double' から 'float' へ切り詰めます。
c:\users\tnakahara\desktop\課題01\ninja\de_ninja1.01\player.cpp(224): warning C4244: '引数': 'double' から 'int' への変換です。データが失われる可能性があります。
c:\users\tnakahara\desktop\課題01\ninja\de_ninja1.01\player.cpp(229): warning C4244: '引数': 'double' から 'int' への変換です。データが失われる可能性があります。
c:\users\tnakahara\desktop\課題01\ninja\de_ninja1.01\player.cpp(234): warning C4244: '引数': 'double' から 'int' への変換です。データが失われる可能性があります。
c:\users\tnakahara\desktop\課題01\ninja\de_ninja1.01\player.cpp(239): warning C4244: '引数': 'double' から 'int' への変換です。データが失われる可能性があります。
c:\users\tnakahara\desktop\課題01\ninja\de_ninja1.01\player.cpp(244): warning C4244: '引数': 'double' から 'int' への変換です。データが失われる可能性があります。
c:\users\tnakahara\desktop\課題01\ninja\de_ninja1.01\player.cpp(249): warning C4244: '引数': 'double' から 'int' への変換です。データが失われる可能性があります。
c:\users\tnakahara\desktop\課題01\ninja\de_ninja1.01\player.cpp(254): warning C4244: '引数': 'double' から 'int' への変換です。データが失われる可能性があります。
c:\users\tnakahara\desktop\課題01\ninja\de_ninja1.01\player.cpp(259): warning C4244: '引数': 'double' から 'int' への変換です。データが失われる可能性があります。
c:\users\tnakahara\desktop\課題01\ninja\de_ninja1.01\player.cpp(409): warning C4244: '引数': 'float' から 'int' への変換です。データが失われる可能性があります。
  RemTask.cpp
  Scene.cpp
c:\users\tnakahara\desktop\課題01\ninja\de_ninja1.01\scene.cpp(174): warning C4305: '引数': 'double' から 'float' へ切り詰めます。
c:\users\tnakahara\desktop\課題01\ninja\de_ninja1.01\scene.cpp(201): warning C4244: '引数': 'double' から 'float' への変換です。データが失われる可能性があります。
c:\users\tnakahara\desktop\課題01\ninja\de_ninja1.01\scene.cpp(205): warning C4244: '引数': 'double' から 'float' への変換です。データが失われる可能性があります。
  Task2DACT.cpp
  UI.cpp
  コードを生成中...
  Task2DACT.vcxproj -> C:\Users\tnakahara\Desktop\課題01\Ninja\DE_Ninja1.01\Debug\Task2DACT.exe
